\BOOKMARK [1][-]{section.1}{\376\377\000C\000l\000i\000n\000i\000c\000a\000l\000\040\000m\000o\000t\000i\000v\000a\000t\000i\000o\000n}{}% 1
\BOOKMARK [1][-]{section.2}{\376\377\000E\000x\000i\000s\000t\000i\000n\000g\000\040\000l\000a\000b\000o\000r\000a\000t\000o\000r\000y\000\040\000s\000e\000t\000u\000p\000\040\000a\000n\000d\000\040\000i\000t\000s\000\040\000l\000i\000m\000i\000t\000a\000t\000i\000o\000n\000s}{}% 2
\BOOKMARK [1][-]{section.3}{\376\377\000D\000e\000s\000i\000g\000n\000\040\000b\000r\000i\000e\000f}{}% 3
\BOOKMARK [1][-]{section.4}{\376\377\000P\000r\000o\000p\000o\000s\000e\000d\000\040\000s\000y\000s\000t\000e\000m\000\040\000o\000v\000e\000r\000v\000i\000e\000w}{}% 4
\BOOKMARK [1][-]{section.5}{\376\377\000M\000e\000c\000h\000a\000n\000i\000c\000a\000l}{}% 5
\BOOKMARK [2][-]{subsection.5.1}{\376\377\000H\000o\000u\000s\000i\000n\000g\000\040\000a\000n\000d\000\040\000a\000s\000s\000e\000m\000b\000l\000y}{section.5}% 6
\BOOKMARK [2][-]{subsection.5.2}{\376\377\000M\000o\000t\000o\000r\000s\000\040\000a\000n\000d\000\040\000d\000r\000i\000v\000e\000\040\000s\000y\000s\000t\000e\000m}{section.5}% 7
\BOOKMARK [2][-]{subsection.5.3}{\376\377\000V\000a\000l\000v\000e\000s}{section.5}% 8
\BOOKMARK [2][-]{subsection.5.4}{\376\377\000W\000a\000v\000e\000f\000o\000r\000m\000\040\000g\000e\000n\000e\000r\000a\000t\000i\000o\000n}{section.5}% 9
\BOOKMARK [2][-]{subsection.5.5}{\376\377\000P\000r\000e\000s\000s\000u\000r\000e\000\040\000s\000e\000n\000s\000i\000n\000g}{section.5}% 10
\BOOKMARK [1][-]{section.6}{\376\377\000S\000o\000f\000t\000w\000a\000r\000e}{}% 11
\BOOKMARK [2][-]{subsection.6.1}{\376\377\000M\000o\000d\000e\000l\000l\000i\000n\000g\000\040\000t\000h\000e\000\040\000p\000r\000e\000s\000s\000u\000r\000e\000\040\000p\000r\000o\000f\000i\000l\000e}{section.6}% 12
\BOOKMARK [1][-]{section.7}{\376\377\000E\000l\000e\000c\000t\000r\000i\000c\000a\000l}{}% 13
\BOOKMARK [2][-]{subsection.7.1}{\376\377\000T\000i\000m\000e\000l\000i\000n\000e}{section.7}% 14
\BOOKMARK [1][-]{section.8}{\376\377\000C\000o\000n\000t\000r\000o\000l}{}% 15
\BOOKMARK [2][-]{subsection.8.1}{\376\377\000O\000b\000j\000e\000c\000t\000i\000v\000e\000s\000\040\000a\000n\000d\000\040\000C\000o\000n\000s\000t\000r\000a\000i\000n\000t\000s}{section.8}% 16
\BOOKMARK [2][-]{subsection.8.2}{\376\377\000P\000I\000D\000\040\000C\000o\000n\000t\000r\000o\000l\000l\000e\000r\000\040\000D\000e\000s\000i\000g\000n}{section.8}% 17
\BOOKMARK [2][-]{subsection.8.3}{\376\377\000E\000x\000t\000e\000n\000s\000i\000o\000n\000s}{section.8}% 18
\BOOKMARK [1][-]{section.9}{\376\377\000B\000i\000l\000l\000\040\000o\000f\000\040\000m\000a\000t\000e\000r\000i\000a\000l\000s}{}% 19
\BOOKMARK [2][-]{subsection.9.1}{\376\377\000F\000i\000n\000a\000l\000\040\000p\000r\000o\000d\000u\000c\000t\000\040\000c\000o\000s\000t}{section.9}% 20
\BOOKMARK [2][-]{subsection.9.2}{\376\377\000D\000e\000p\000a\000r\000t\000m\000e\000n\000t\000a\000l\000\040\000r\000e\000s\000o\000u\000r\000c\000e\000\040\000r\000e\000q\000u\000e\000s\000t\000s}{section.9}% 21
\BOOKMARK [1][-]{section.10}{\376\377\000P\000l\000a\000n\000\040\000a\000n\000d\000\040\000T\000i\000m\000e\000s\000c\000a\000l\000e\000s}{}% 22
\BOOKMARK [2][-]{subsection.10.1}{\376\377\000P\000a\000r\000t\000i\000t\000i\000o\000n\000\040\000o\000f\000\040\000w\000o\000r\000k\000\040\000d\000u\000r\000i\000n\000g\000\040\000L\000e\000n\000t\000\040\000T\000e\000r\000m}{section.10}% 23
\BOOKMARK [2][-]{subsection.10.2}{\376\377\000E\000a\000s\000t\000e\000r\000\040\000T\000e\000r\000m}{section.10}% 24
\BOOKMARK [1][-]{section.11}{\376\377\000C\000r\000i\000t\000i\000c\000a\000l\000\040\000s\000t\000e\000p\000s}{}% 25
\BOOKMARK [2][-]{subsection.11.1}{\376\377\000A\000c\000c\000u\000r\000a\000c\000y\000\040\000a\000n\000d\000\040\000c\000o\000n\000s\000i\000s\000t\000e\000n\000c\000y\000\040\000o\000f\000\040\000r\000e\000a\000d\000i\000n\000g\000s}{section.11}% 26
\BOOKMARK [2][-]{subsection.11.2}{\376\377\000I\000m\000p\000l\000e\000m\000e\000n\000t\000i\000n\000g\000\040\000t\000h\000e\000\040\000c\000o\000n\000t\000r\000o\000l\000\040\000s\000y\000s\000t\000e\000m}{section.11}% 27
\BOOKMARK [2][-]{subsection.11.3}{\376\377\000C\000o\000n\000n\000e\000c\000t\000i\000n\000g\000\040\000s\000o\000f\000t\000w\000a\000r\000e\000\040\000t\000o\000\040\000h\000a\000r\000d\000w\000a\000r\000e}{section.11}% 28
\BOOKMARK [2][-]{subsection.11.4}{\376\377\000F\000a\000l\000l\000b\000a\000c\000k\000\040\000d\000e\000s\000i\000g\000n}{section.11}% 29
\BOOKMARK [1][-]{section.12}{\376\377\000S\000a\000f\000e\000t\000y\000\040\000c\000o\000n\000s\000i\000d\000e\000r\000a\000t\000i\000o\000n\000s}{}% 30
\BOOKMARK [1][-]{section.13}{\376\377\000U\000s\000e\000\040\000o\000f\000\040\000A\000I}{}% 31
\BOOKMARK [1][-]{appendix.A}{\376\377\000A\000p\000p\000e\000n\000d\000i\000x}{}% 32
\BOOKMARK [2][-]{subsection.A.1}{\376\377\000E\000s\000t\000i\000m\000a\000t\000i\000n\000g\000\040\000f\000o\000r\000c\000e\000\040\000a\000t\000\040\000t\000h\000e\000\040\000s\000y\000r\000i\000n\000g\000e\000\040\000p\000l\000u\000n\000g\000e\000r}{appendix.A}% 33
\BOOKMARK [2][-]{subsection.A.2}{\376\377\000P\000u\000l\000s\000e\000\040\000r\000a\000t\000e\000\040\000o\000f\000\040\000e\000x\000i\000s\000t\000i\000n\000g\000\040\000p\000e\000r\000i\000s\000t\000a\000l\000t\000i\000c\000\040\000p\000u\000m\000p}{appendix.A}% 34
\BOOKMARK [2][-]{subsection.A.3}{\376\377\000L\000e\000a\000d\000\040\000s\000c\000r\000e\000w\000\040\000s\000p\000e\000e\000d}{appendix.A}% 35
\BOOKMARK [2][-]{subsection.A.4}{\376\377\000L\000e\000a\000d\000\040\000s\000c\000r\000e\000w\000\040\000t\000o\000r\000q\000u\000e}{appendix.A}% 36
\BOOKMARK [2][-]{subsection.A.5}{\376\377\000S\000y\000r\000i\000n\000g\000e\000\040\000p\000l\000u\000n\000g\000e\000r\000\040\000d\000i\000s\000p\000l\000a\000c\000e\000m\000e\000n\000t\000\040\000f\000o\000r\000\040\000p\000r\000e\000s\000s\000u\000r\000e\000\040\000c\000h\000a\000n\000g\000e}{appendix.A}% 37
\BOOKMARK [2][-]{subsection.A.6}{\376\377\000T\000u\000b\000e\000\040\000r\000a\000d\000i\000u\000s\000\040\000c\000h\000a\000n\000g\000e\000\040\000f\000o\000r\000\040\000p\000r\000e\000s\000s\000u\000r\000e\000\040\000m\000o\000d\000u\000l\000a\000t\000i\000o\000n}{appendix.A}% 38
